{
  "RSpec": {
    "coverage": {
      "/home/pedro/fatec/Did-tica-Testes-Ruby-On-Rails/app/controllers/application_controller.rb": {
        "lines": [
          0,
          null,
          0,
          0
        ],
        "branches": {}
      },
      "/home/pedro/fatec/Did-tica-Testes-Ruby-On-Rails/app/controllers/properties_controller.rb": {
        "lines": [
          0,
          0,
          null,
          0,
          0,
          0,
          0,
          null,
          0,
          0,
          0,
          0,
          0,
          null,
          0,
          0,
          0,
          0,
          0,
          0,
          0,
          0,
          0,
          0,
          0,
          null,
          0,
          0,
          0,
          null,
          0,
          0,
          null,
          0,
          0,
          0,
          0,
          0,
          0,
          0,
          0,
          0,
          0,
          0,
          0,
          0,
          null,
          0,
          null,
          0,
          null,
          0,
          0,
          0,
          0,
          0,
          0,
          0,
          0,
          0,
          0,
          0,
          null,
          0,
          0,
          0,
          0,
          0,
          0,
          0,
          null,
          0,
          null,
          0,
          0,
          0,
          null,
          0,
          0,
          0,
          0
        ],
        "branches": {}
      },
      "/home/pedro/fatec/Did-tica-Testes-Ruby-On-Rails/app/helpers/application_helper.rb": {
        "lines": [
          0,
          0
        ],
        "branches": {}
      },
      "/home/pedro/fatec/Did-tica-Testes-Ruby-On-Rails/app/helpers/properties_helper.rb": {
        "lines": [
          0,
          0
        ],
        "branches": {}
      },
      "/home/pedro/fatec/Did-tica-Testes-Ruby-On-Rails/app/jobs/application_job.rb": {
        "lines": [
          0,
          null,
          null,
          null,
          null,
          null,
          0
        ],
        "branches": {}
      },
      "/home/pedro/fatec/Did-tica-Testes-Ruby-On-Rails/app/jobs/send_welcome_email_job.rb": {
        "lines": [
          0,
          0,
          null,
          0,
          0,
          0,
          0
        ],
        "branches": {}
      },
      "/home/pedro/fatec/Did-tica-Testes-Ruby-On-Rails/app/mailers/application_mailer.rb": {
        "lines": [
          0,
          0,
          0,
          0
        ],
        "branches": {}
      },
      "/home/pedro/fatec/Did-tica-Testes-Ruby-On-Rails/app/mailers/lead_mailer.rb": {
        "lines": [
          0,
          0,
          null,
          0,
          0,
          0,
          0,
          0
        ],
        "branches": {}
      },
      "/home/pedro/fatec/Did-tica-Testes-Ruby-On-Rails/app/models/application_record.rb": {
        "lines": [
          0,
          0,
          0
        ],
        "branches": {}
      },
      "/home/pedro/fatec/Did-tica-Testes-Ruby-On-Rails/app/models/deal.rb": {
        "lines": [
          0,
          0,
          0,
          0,
          0
        ],
        "branches": {}
      },
      "/home/pedro/fatec/Did-tica-Testes-Ruby-On-Rails/app/models/lead.rb": {
        "lines": [
          0,
          0,
          0,
          0
        ],
        "branches": {}
      },
      "/home/pedro/fatec/Did-tica-Testes-Ruby-On-Rails/app/models/owner.rb": {
        "lines": [
          0,
          0,
          0,
          0
        ],
        "branches": {}
      },
      "/home/pedro/fatec/Did-tica-Testes-Ruby-On-Rails/app/models/property.rb": {
        "lines": [
          0,
          0,
          0,
          0,
          null,
          0,
          null,
          0,
          0,
          null,
          null,
          0,
          0,
          0
        ],
        "branches": {}
      },
      "/home/pedro/fatec/Did-tica-Testes-Ruby-On-Rails/app/models/visit.rb": {
        "lines": [
          0,
          0,
          0,
          0,
          0,
          0
        ],
        "branches": {}
      },
      "/home/pedro/fatec/Did-tica-Testes-Ruby-On-Rails/app/services/commission_calculator.rb": {
        "lines": [
          0,
          0,
          null,
          0,
          0,
          0,
          0
        ],
        "branches": {}
      },
      "/home/pedro/fatec/Did-tica-Testes-Ruby-On-Rails/app/services/via_cep.rb": {
        "lines": [
          0,
          null,
          0,
          0,
          0,
          0,
          0,
          0,
          0,
          0
        ],
        "branches": {}
      }
    },
    "timestamp": 1762257922
  }
}
