{
  "RSpec": {
    "coverage": {
      "/home/pnicolau/fatec/realstate/app/helpers/application_helper.rb": {
        "lines": [
          1,
          null
        ]
      },
      "/home/pnicolau/fatec/realstate/app/helpers/properties_helper.rb": {
        "lines": [
          1,
          null,
          1,
          0,
          null,
          0,
          null,
          null
        ]
      },
      "/home/pnicolau/fatec/realstate/app/models/property.rb": {
        "lines": [
          1,
          1,
          1,
          1,
          null,
          1,
          null,
          1,
          1,
          null,
          2,
          3,
          null
        ]
      },
      "/home/pnicolau/fatec/realstate/app/models/application_record.rb": {
        "lines": [
          1,
          1,
          null
        ]
      },
      "/home/pnicolau/fatec/realstate/app/models/owner.rb": {
        "lines": [
          1,
          1,
          1,
          null
        ]
      },
      "/home/pnicolau/fatec/realstate/app/models/visit.rb": {
        "lines": [
          1,
          1,
          1,
          1,
          1,
          null
        ]
      },
      "/home/pnicolau/fatec/realstate/app/models/lead.rb": {
        "lines": [
          1,
          1,
          1,
          null
        ]
      },
      "/home/pnicolau/fatec/realstate/app/controllers/application_controller.rb": {
        "lines": [
          0,
          null,
          0,
          0
        ],
        "branches": {}
      },
      "/home/pnicolau/fatec/realstate/app/controllers/properties_controller.rb": {
        "lines": [
          0,
          0,
          null,
          0,
          0,
          0,
          0,
          null,
          0,
          0,
          0,
          0,
          0,
          null,
          0,
          0,
          0,
          0,
          0,
          0,
          0,
          0,
          0,
          0,
          0,
          null,
          0,
          0,
          0,
          null,
          0,
          0,
          null,
          0,
          0,
          0,
          0,
          0,
          0,
          0,
          0,
          0,
          0,
          0,
          0,
          0,
          null,
          0,
          null,
          0,
          null,
          0,
          0,
          0,
          0,
          0,
          0,
          0,
          0,
          0,
          0,
          0,
          null,
          0,
          0,
          0,
          0,
          0,
          0,
          0,
          null,
          0,
          null,
          0,
          0,
          0,
          null,
          0,
          0,
          0,
          0
        ],
        "branches": {}
      },
      "/home/pnicolau/fatec/realstate/app/jobs/application_job.rb": {
        "lines": [
          0,
          null,
          null,
          null,
          null,
          null,
          0
        ],
        "branches": {}
      },
      "/home/pnicolau/fatec/realstate/app/jobs/send_welcome_email_job.rb": {
        "lines": [
          0,
          0,
          null,
          0,
          0,
          0,
          0
        ],
        "branches": {}
      },
      "/home/pnicolau/fatec/realstate/app/mailers/application_mailer.rb": {
        "lines": [
          0,
          0,
          0,
          0
        ],
        "branches": {}
      },
      "/home/pnicolau/fatec/realstate/app/mailers/lead_mailer.rb": {
        "lines": [
          0,
          0,
          null,
          0,
          0,
          0,
          0,
          0
        ],
        "branches": {}
      },
      "/home/pnicolau/fatec/realstate/app/models/deal.rb": {
        "lines": [
          0,
          0,
          0,
          0,
          0
        ],
        "branches": {}
      },
      "/home/pnicolau/fatec/realstate/app/services/commission_calculator.rb": {
        "lines": [
          0,
          0,
          null,
          0,
          0,
          0,
          0
        ],
        "branches": {}
      },
      "/home/pnicolau/fatec/realstate/app/services/via_cep.rb": {
        "lines": [
          0,
          null,
          0,
          0,
          0,
          0,
          0,
          0,
          0,
          0
        ],
        "branches": {}
      }
    },
    "timestamp": 1762295505
  }
}
